<?xml version="1.0" encoding="UTF-8"?>
<!-- Generated by org.testng.reporters.JUnitReportReporter -->
<testsuite hostname="LAPTOP-SQ8N5CMI" failures="0" tests="2" name="com.Reqres.TestScripts.CreateResource" time="3.022" errors="0" timestamp="2024-03-16T22:41:20 IST" skipped="0">
  <testcase classname="com.Reqres.TestScripts.CreateResource" name="createResource" time="2.617"/>
  <testcase classname="com.Reqres.TestScripts.CreateResource" name="getSingleResource" time="0.405"/>
</testsuite> <!-- com.Reqres.TestScripts.CreateResource -->
